# JRE version: Java(TM) SE Runtime Environment (9.0+11) (build 9.0.4+11)
# Java VM: Java HotSpot(TM) 64-Bit Server VM (9.0.4+11, mixed mode, tiered, compressed oops, g1 gc, windows-amd64)
Heap:
 garbage-first heap   total 289792K, used 121811K [0x0000000700000000, 0x00000007001008d8, 0x00000007c0000000)
  region size 1024K, 31 young (31744K), 1 survivors (1024K)
 Metaspace       used 86779K, capacity 88837K, committed 95948K, reserved 1132544K
  class space    used 11855K, capacity 12284K, committed 13772K, reserved 1048576K
GC Heap History (10 events):
Event: 5750.713 GC heap before
{Heap before GC invocations=515 (full 151):
 garbage-first heap   total 289792K, used 151941K [0x0000000700000000, 0x00000007001008d8, 0x00000007c0000000)
  region size 1024K, 60 young (61440K), 2 survivors (2048K)
 Metaspace       used 86760K, capacity 88773K, committed 95948K, reserved 1132544K
  class space    used 11855K, capacity 12284K, committed 13772K, reserved 1048576K
}
Event: 5750.716 GC heap after
{Heap after GC invocations=516 (full 151):
 garbage-first heap   total 289792K, used 92027K [0x0000000700000000, 0x00000007001008d8, 0x00000007c0000000)
  region size 1024K, 1 young (1024K), 1 survivors (1024K)
 Metaspace       used 86760K, capacity 88773K, committed 95948K, reserved 1132544K
  class space    used 11855K, capacity 12284K, committed 13772K, reserved 1048576K
}
Event: 5752.035 GC heap before
{Heap before GC invocations=516 (full 151):
 garbage-first heap   total 289792K, used 152443K [0x0000000700000000, 0x00000007001008d8, 0x00000007c0000000)
  region size 1024K, 60 young (61440K), 1 survivors (1024K)
 Metaspace       used 86760K, capacity 88773K, committed 95948K, reserved 1132544K
  class space    used 11855K, capacity 12284K, committed 13772K, reserved 1048576K
}
Event: 5752.038 GC heap after
{Heap after GC invocations=517 (full 151):
 garbage-first heap   total 289792K, used 91932K [0x0000000700000000, 0x00000007001008d8, 0x00000007c0000000)
  region size 1024K, 1 young (1024K), 1 survivors (1024K)
 Metaspace       used 86760K, capacity 88773K, committed 95948K, reserved 1132544K
  class space    used 11855K, capacity 12284K, committed 13772K, reserved 1048576K
}
Event: 5771.935 GC heap before
{Heap before GC invocations=517 (full 151):
 garbage-first heap   total 289792K, used 152348K [0x0000000700000000, 0x00000007001008d8, 0x00000007c0000000)
  region size 1024K, 60 young (61440K), 1 survivors (1024K)
 Metaspace       used 86761K, capacity 88773K, committed 95948K, reserved 1132544K
  class space    used 11855K, capacity 12284K, committed 13772K, reserved 1048576K
}
Event: 5771.938 GC heap after
{Heap after GC invocations=518 (full 151):
 garbage-first heap   total 289792K, used 91861K [0x0000000700000000, 0x00000007001008d8, 0x00000007c0000000)
  region size 1024K, 1 young (1024K), 1 survivors (1024K)
 Metaspace       used 86761K, capacity 88773K, committed 95948K, reserved 1132544K
  class space    used 11855K, capacity 12284K, committed 13772K, reserved 1048576K
}
Event: 5773.052 GC heap before
{Heap before GC invocations=518 (full 151):
 garbage-first heap   total 289792K, used 152277K [0x0000000700000000, 0x00000007001008d8, 0x00000007c0000000)
  region size 1024K, 60 young (61440K), 1 survivors (1024K)
 Metaspace       used 86766K, capacity 88837K, committed 95948K, reserved 1132544K
  class space    used 11855K, capacity 12284K, committed 13772K, reserved 1048576K
}
Event: 5773.055 GC heap after
{Heap after GC invocations=519 (full 151):
 garbage-first heap   total 289792K, used 92698K [0x0000000700000000, 0x00000007001008d8, 0x00000007c0000000)
  region size 1024K, 2 young (2048K), 2 survivors (2048K)
 Metaspace       used 86766K, capacity 88837K, committed 95948K, reserved 1132544K
  class space    used 11855K, capacity 12284K, committed 13772K, reserved 1048576K
}
Event: 5776.316 GC heap before
{Heap before GC invocations=519 (full 151):
 garbage-first heap   total 289792K, used 152090K [0x0000000700000000, 0x00000007001008d8, 0x00000007c0000000)
  region size 1024K, 60 young (61440K), 2 survivors (2048K)
 Metaspace       used 86776K, capacity 88837K, committed 95948K, reserved 1132544K
  class space    used 11855K, capacity 12284K, committed 13772K, reserved 1048576K
}
Event: 5776.320 GC heap after
{Heap after GC invocations=520 (full 151):
 garbage-first heap   total 289792K, used 92115K [0x0000000700000000, 0x00000007001008d8, 0x00000007c0000000)
  region size 1024K, 1 young (1024K), 1 survivors (1024K)
 Metaspace       used 86776K, capacity 88837K, committed 95948K, reserved 1132544K
  class space    used 11855K, capacity 12284K, committed 13772K, reserved 1048576K
}

